<?xml version="1.0" encoding="UTF-8" standalone="yes"?><!DOCTYPE report PUBLIC "-//JACOCO//DTD Report 1.0//EN" "report.dtd"><report name="platform-example-spring"><sessioninfo id="E8268MLZW2XDD4M-541f9319" start="1521739176847" dump="1521739177589"/><sessioninfo id="E8268MLZW2XDD4M-823c7482" start="1521739713051" dump="1521739713695"/><sessioninfo id="E8268MLZW2XDD4M-1888628f" start="1521822256095" dump="1521822256805"/><sessioninfo id="E8268MLZW2XDD4M-eddd7e89" start="1522081812776" dump="1522081813528"/><sessioninfo id="E8268MLZW2XDD4M-567013f1" start="1522083769719" dump="1522083770454"/><sessioninfo id="E8268MLZW2XDD4M-c27fc044" start="1522083930268" dump="1522083930999"/><sessioninfo id="E8268MLZW2XDD4M-241c5d5b" start="1522086347124" dump="1522086347887"/><sessioninfo id="E8268MLZW2XDD4M-f6fbcdda" start="1522149092593" dump="1522149093318"/><sessioninfo id="E8268MLZW2XDD4M-24f4aa12" start="1522149263225" dump="1522149263988"/><sessioninfo id="E8268MLZW2XDD4M-f14154a" start="1522150145627" dump="1522150146315"/><sessioninfo id="E8268MLZW2XDD4M-119a5f40" start="1522150200187" dump="1522150201040"/><sessioninfo id="E8268MLZW2XDD4M-f825bab4" start="1522161340477" dump="1522161341234"/><sessioninfo id="E8268MLZW2XDD4M-e6234371" start="1522161541733" dump="1522161542466"/><sessioninfo id="E8268MLZW2XDD4M-c3be2bfe" start="1522161593800" dump="1522161594450"/><sessioninfo id="E8268MLZW2XDD4M-4ee3d1d0" start="1522161644563" dump="1522161645214"/><sessioninfo id="E8268MLZW2XDD4M-93faf033" start="1522161734151" dump="1522161734864"/><sessioninfo id="E8268MLZW2XDD4M-28765069" start="1522161873125" dump="1522161873807"/><sessioninfo id="E8268MLZW2XDD4M-f411e97f" start="1522161942659" dump="1522161943323"/><sessioninfo id="E8268MLZW2XDD4M-dc4e221f" start="1522162067381" dump="1522162068076"/><sessioninfo id="E8268MLZW2XDD4M-89a452ba" start="1522162202839" dump="1522162203505"/><sessioninfo id="E8268MLZW2XDD4M-1e61c020" start="1522162257879" dump="1522162258518"/><sessioninfo id="E8268MLZW2XDD4M-5190eae1" start="1522165298853" dump="1522165299579"/><sessioninfo id="E8268MLZW2XDD4M-1dbcf7f2" start="1522166153762" dump="1522166154497"/><sessioninfo id="E8268MLZW2XDD4M-557c3110" start="1522166516579" dump="1522166517270"/><sessioninfo id="E8268MLZW2XDD4M-668baff6" start="1522166946473" dump="1522166947192"/><sessioninfo id="E8268MLZW2XDD4M-d0da59fa" start="1522167178596" dump="1522167179273"/><sessioninfo id="E8268MLZW2XDD4M-59325a5d" start="1522167482912" dump="1522167483643"/><sessioninfo id="E8268MLZW2XDD4M-78f5606d" start="1522168423588" dump="1522168424273"/><sessioninfo id="E8268MLZW2XDD4M-c617b9b6" start="1522320244905" dump="1522320245607"/><sessioninfo id="E8268MLZW2XDD4M-e6cbe307" start="1522320705323" dump="1522320706118"/><sessioninfo id="E8268MLZW2XDD4M-4f7f8056" start="1522320811860" dump="1522320812537"/><sessioninfo id="E8268MLZW2XDD4M-7dbd5ce2" start="1522321950628" dump="1522321951374"/><sessioninfo id="E8268MLZW2XDD4M-995cd78c" start="1522322691980" dump="1522322692693"/><sessioninfo id="E8268MLZW2XDD4M-82ea34f4" start="1522324158838" dump="1522324159567"/><sessioninfo id="E8268MLZW2XDD4M-34243c0d" start="1522324378092" dump="1522324378885"/><sessioninfo id="E8268MLZW2XDD4M-e3012752" start="1522324523131" dump="1522324523835"/><sessioninfo id="E8268MLZW2XDD4M-29e044c8" start="1522324871657" dump="1522324872426"/><sessioninfo id="E8268MLZW2XDD4M-f7dd4af7" start="1522325046064" dump="1522325046875"/><sessioninfo id="E8268MLZW2XDD4M-eb82b79c" start="1522325783509" dump="1522325784256"/><sessioninfo id="E8268MLZW2XDD4M-4b2ae9c2" start="1522325835052" dump="1522325835876"/><sessioninfo id="E8268MLZW2XDD4M-90d6f9db" start="1522325941762" dump="1522325942492"/><sessioninfo id="E8268MLZW2XDD4M-67e0160d" start="1522325987151" dump="1522325987836"/><sessioninfo id="E8268MLZW2XDD4M-44978d5c" start="1522326547382" dump="1522326548216"/><sessioninfo id="E8268MLZW2XDD4M-fb91b5cd" start="1522326659013" dump="1522326659793"/><sessioninfo id="E8268MLZW2XDD4M-88601ed4" start="1522331747666" dump="1522331748382"/><sessioninfo id="E8268MLZW2XDD4M-19b10368" start="1522331990700" dump="1522331991455"/><sessioninfo id="E8268MLZW2XDD4M-645839d3" start="1522332059431" dump="1522332060179"/><sessioninfo id="E8268MLZW2XDD4M-2a127c9c" start="1522332148488" dump="1522332149138"/><sessioninfo id="E8268MLZW2XDD4M-bc64d7c0" start="1522332171605" dump="1522332172258"/><sessioninfo id="E8268MLZW2XDD4M-7a6e9305" start="1522333020729" dump="1522333021612"/><sessioninfo id="E8268MLZW2XDD4M-96376063" start="1522335463809" dump="1522335464512"/><sessioninfo id="E8268MLZW2XDD4M-25f91f8c" start="1522340838377" dump="1522340839296"/><sessioninfo id="E8268MLZW2XDD4M-580a6854" start="1522341691283" dump="1522341692049"/><sessioninfo id="E8268MLZW2XDD4M-ccb64418" start="1522341762821" dump="1522341763564"/><sessioninfo id="E8268MLZW2XDD4M-2f3004e1" start="1522341916130" dump="1522341916848"/><sessioninfo id="E8268MLZW2XDD4M-52832343" start="1522342092967" dump="1522342093698"/><sessioninfo id="E8268MLZW2XDD4M-e8877319" start="1522342162712" dump="1522342163377"/><sessioninfo id="E8268MLZW2XDD4M-c4beedd9" start="1522342464639" dump="1522342465455"/><sessioninfo id="E8268MLZW2XDD4M-8f029028" start="1522759929298" dump="1522759930023"/><sessioninfo id="E8268MLZW2XDD4M-2687fcb2" start="1522760001269" dump="1522760002003"/><sessioninfo id="E8268MLZW2XDD4M-85528bab" start="1522762696043" dump="1522762696770"/><sessioninfo id="E8268MLZW2XDD4M-1c8062fb" start="1522764137422" dump="1522764138171"/><sessioninfo id="E8268MLZW2XDD4M-4fa1ea60" start="1522764171686" dump="1522764172422"/><sessioninfo id="E8268MLZW2XDD4M-1ed5ee8d" start="1522764328814" dump="1522764329549"/><sessioninfo id="E8268MLZW2XDD4M-ffae1f03" start="1522765280597" dump="1522765281353"/><sessioninfo id="E8268MLZW2XDD4M-7fb286bb" start="1522766446788" dump="1522766447518"/><sessioninfo id="E8268MLZW2XDD4M-ee26f3ef" start="1522841534063" dump="1522841534839"/><sessioninfo id="E8268MLZW2XDD4M-a3db5005" start="1522843698526" dump="1522843699265"/><sessioninfo id="E8268MLZW2XDD4M-96f0eca4" start="1522849662713" dump="1522849663514"/><sessioninfo id="E8268MLZW2XDD4M-8e466fe" start="1522850628931" dump="1522850629810"/><sessioninfo id="E8268MLZW2XDD4M-66a35721" start="1522851243057" dump="1522851243792"/><sessioninfo id="E8268MLZW2XDD4M-72dcc2cd" start="1522851700939" dump="1522851701770"/><sessioninfo id="E8268MLZW2XDD4M-1e8f77cb" start="1523014302073" dump="1523014302873"/><sessioninfo id="E8268MLZW2XDD4M-51d85380" start="1523026928280" dump="1523026929043"/><sessioninfo id="E8268MLZW2XDD4M-70228ff3" start="1523030270520" dump="1523030271481"/><sessioninfo id="E8268MLZW2XDD4M-29360def" start="1523030443066" dump="1523030444198"/><sessioninfo id="E8268MLZW2XDD4M-8970c383" start="1523030621832" dump="1523030622934"/><sessioninfo id="E8268MLZW2XDD4M-24cfa701" start="1523030679189" dump="1523030679956"/><sessioninfo id="E8268MLZW2XDD4M-c7e072a6" start="1523030748137" dump="1523030748977"/><sessioninfo id="E8268MLZW2XDD4M-9434b934" start="1523030876685" dump="1523030877475"/><sessioninfo id="E8268MLZW2XDD4M-20238337" start="1523031133729" dump="1523031134661"/><sessioninfo id="E8268MLZW2XDD4M-60536297" start="1523031284496" dump="1523031285401"/><sessioninfo id="E8268MLZW2XDD4M-238106b3" start="1523031396427" dump="1523031397282"/><sessioninfo id="E8268MLZW2XDD4M-327be282" start="1523031807762" dump="1523031808602"/><sessioninfo id="E8268MLZW2XDD4M-a746a32a" start="1523031997445" dump="1523031998614"/><sessioninfo id="E8268MLZW2XDD4M-fd8bf424" start="1523280817822" dump="1523280818619"/><sessioninfo id="E8268MLZW2XDD4M-b30cbf97" start="1523287445028" dump="1523287445756"/><sessioninfo id="E8268MLZW2XDD4M-fda21b0c" start="1523288101487" dump="1523288102747"/><sessioninfo id="E8268MLZW2XDD4M-775c1a6b" start="1523874683421" dump="1523874684188"/><sessioninfo id="E8268MLZW2XDD4M-205e2070" start="1523874863549" dump="1523874864241"/><sessioninfo id="E8268MLZW2XDD4M-c6a58b38" start="1523877547767" dump="1523877548503"/><sessioninfo id="E8268MLZW2XDD4M-8b145290" start="1523878048395" dump="1523878049140"/><sessioninfo id="E8268MLZW2XDD4M-d526c0e" start="1523879027190" dump="1523879033321"/><sessioninfo id="E8268MLZW2XDD4M-27c52b50" start="1523879136755" dump="1523879147279"/><sessioninfo id="E8268MLZW2XDD4M-976dd60c" start="1523879247661" dump="1523879255414"/><sessioninfo id="E8268MLZW2XDD4M-2ab113a0" start="1523879313689" dump="1523879322442"/><sessioninfo id="E8268MLZW2XDD4M-dfa35368" start="1523963016937" dump="1523963025756"/><sessioninfo id="E8268MLZW2XDD4M-4ae2151e" start="1523982728638" dump="1523982733699"/><sessioninfo id="E8268MLZW2XDD4M-97b70e20" start="1524233426110" dump="1524233436254"/><sessioninfo id="E8268MLZW2XDD4M-c1844877" start="1524234779222" dump="1524234789286"/><sessioninfo id="E8268MLZW2XDD4M-7ef19808" start="1524243319862" dump="1524243328987"/><sessioninfo id="E8268MLZW2XDD4M-b77b559c" start="1524244692045" dump="1524244695733"/><package name="com/jade/samples"><class name="com/jade/samples/SampleRestController"><method name="&lt;init&gt;" desc="()V" line="26"><counter type="INSTRUCTION" missed="0" covered="3"/><counter type="LINE" missed="0" covered="1"/><counter type="COMPLEXITY" missed="0" covered="1"/><counter type="METHOD" missed="0" covered="1"/></method><method name="hello" desc="()Ljava/lang/String;" line="41"><counter type="INSTRUCTION" missed="12" covered="44"/><counter type="LINE" missed="2" covered="8"/><counter type="COMPLEXITY" missed="0" covered="1"/><counter type="METHOD" missed="0" covered="1"/></method><method name="getValue" desc="()I" line="55"><counter type="INSTRUCTION" missed="0" covered="2"/><counter type="LINE" missed="0" covered="1"/><counter type="COMPLEXITY" missed="0" covered="1"/><counter type="METHOD" missed="0" covered="1"/></method><method name="main" desc="([Ljava/lang/String;)V" line="65"><counter type="INSTRUCTION" missed="5" covered="0"/><counter type="LINE" missed="2" covered="0"/><counter type="COMPLEXITY" missed="1" covered="0"/><counter type="METHOD" missed="1" covered="0"/></method><method name="&lt;clinit&gt;" desc="()V" line="28"><counter type="INSTRUCTION" missed="0" covered="12"/><counter type="LINE" missed="0" covered="3"/><counter type="COMPLEXITY" missed="0" covered="1"/><counter type="METHOD" missed="0" covered="1"/></method><counter type="INSTRUCTION" missed="17" covered="61"/><counter type="LINE" missed="4" covered="13"/><counter type="COMPLEXITY" missed="1" covered="4"/><counter type="METHOD" missed="1" covered="4"/><counter type="CLASS" missed="0" covered="1"/></class><sourcefile name="SampleRestController.java"><line nr="26" mi="0" ci="3" mb="0" cb="0"/><line nr="28" mi="0" ci="3" mb="0" cb="0"/><line nr="31" mi="0" ci="4" mb="0" cb="0"/><line nr="32" mi="0" ci="5" mb="0" cb="0"/><line nr="41" mi="0" ci="3" mb="0" cb="0"/><line nr="42" mi="0" ci="2" mb="0" cb="0"/><line nr="44" mi="0" ci="4" mb="0" cb="0"/><line nr="45" mi="0" ci="12" mb="0" cb="0"/><line nr="46" mi="0" ci="3" mb="0" cb="0"/><line nr="47" mi="1" ci="0" mb="0" cb="0"/><line nr="48" mi="11" ci="0" mb="0" cb="0"/><line nr="49" mi="0" ci="1" mb="0" cb="0"/><line nr="50" mi="0" ci="10" mb="0" cb="0"/><line nr="51" mi="0" ci="9" mb="0" cb="0"/><line nr="55" mi="0" ci="2" mb="0" cb="0"/><line nr="65" mi="4" ci="0" mb="0" cb="0"/><line nr="66" mi="1" ci="0" mb="0" cb="0"/><counter type="INSTRUCTION" missed="17" covered="61"/><counter type="LINE" missed="4" covered="13"/><counter type="COMPLEXITY" missed="1" covered="4"/><counter type="METHOD" missed="1" covered="4"/><counter type="CLASS" missed="0" covered="1"/></sourcefile><counter type="INSTRUCTION" missed="17" covered="61"/><counter type="LINE" missed="4" covered="13"/><counter type="COMPLEXITY" missed="1" covered="4"/><counter type="METHOD" missed="1" covered="4"/><counter type="CLASS" missed="0" covered="1"/></package><counter type="INSTRUCTION" missed="17" covered="61"/><counter type="LINE" missed="4" covered="13"/><counter type="COMPLEXITY" missed="1" covered="4"/><counter type="METHOD" missed="1" covered="4"/><counter type="CLASS" missed="0" covered="1"/></report>